<?xml version="1.0" encoding="UTF-8"?>
<testsuite xmlns:xsi="http://www.w3.org/2001/XMLSchema-instance" xsi:noNamespaceSchemaLocation="https://maven.apache.org/surefire/maven-surefire-plugin/xsd/surefire-test-report-3.0.xsd" version="3.0" name="com.example.mvcdemo2.ReservationRepositoryTest" time="1.308" tests="2" errors="0" skipped="0" failures="0">
  <properties>
[...]
</properties>
  <testcase name="testDelete" classname="com.example.mvcdemo2.ReservationRepositoryTest" time="0.035">
    <system-out><![CDATA[10:00:24.133 [main] INFO  o.s.t.c.s.AnnotationConfigContextLoaderUtils - Could not detect default configuration classes for test class [com.example.mvcdemo2.ReservationRepositoryTest]: ReservationRepositoryTest does not declare any static, non-private, non-final, nested classes annotated with @Configuration.
10:00:24.142 [main] INFO  o.s.b.t.c.SpringBootTestContextBootstrapper - Found @SpringBootConfiguration com.example.mvcdemo2.Mvcdemo2Application for test class com.example.mvcdemo2.ReservationRepositoryTest

  .   ____          _            __ _ _
 /\\ / ___'_ __ _ _(_)_ __  __ _ \ \ \ \
( ( )\___ | '_ | '_| | '_ \/ _` | \ \ \ \
 \\/  ___)| |_)| | | | | || (_| |  ) ) ) )
  '  |____| .__|_| |_|_| |_\__, | / / / /
 =========|_|==============|___/=/_/_/_/
 :: Spring Boot ::                (v3.2.0)

10:00:24.161 [main] INFO  c.e.m.ReservationRepositoryTest - Starting ReservationRepositoryTest using Java 17.0.10 with PID 10608 (started by Jack in D:\sustech\3down\software\12\SEproject)
10:00:24.161 [main] INFO  c.e.m.ReservationRepositoryTest - No active profile set, falling back to 1 default profile: "default"
10:00:24.225 [main] INFO  o.s.d.r.c.RepositoryConfigurationDelegate - Bootstrapping Spring Data JPA repositories in DEFAULT mode.
10:00:24.247 [main] INFO  o.s.d.r.c.RepositoryConfigurationDelegate - Finished Spring Data repository scanning in 21 ms. Found 8 JPA repository interfaces.
10:00:24.266 [main] INFO  o.s.b.t.a.j.TestDatabaseAutoConfiguration$EmbeddedDataSourceBeanFactoryPostProcessor - Replacing 'dataSource' DataSource bean with embedded version
10:00:24.320 [main] INFO  o.s.j.d.e.EmbeddedDatabaseFactory - Starting embedded database: url='jdbc:h2:mem:098639bd-5e41-40ef-a53b-26e4205222b5;DB_CLOSE_DELAY=-1;DB_CLOSE_ON_EXIT=false', username='sa'
10:00:24.850 [main] INFO  o.h.jpa.internal.util.LogHelper - HHH000204: Processing PersistenceUnitInfo [name: default]
10:00:24.854 [main] INFO  o.h.c.i.RegionFactoryInitiator - HHH000026: Second-level cache disabled
10:00:24.858 [main] INFO  o.s.o.j.p.SpringPersistenceUnitInfo - No LoadTimeWeaver setup: ignoring JPA class transformer
10:00:24.872 [main] WARN  org.hibernate.dialect.Dialect - HHH000511: The 2.2.0 version for [org.hibernate.dialect.PostgreSQLDialect] is no longer supported, hence certain features may not work properly. The minimum supported version is 11.0.0. Check the community dialects project for available legacy versions.
10:00:24.873 [main] WARN  org.hibernate.orm.deprecation - HHH90000025: PostgreSQLDialect does not need to be specified explicitly using 'hibernate.dialect' (remove the property setting and it will be selected by default)
10:00:25.105 [main] INFO  o.h.e.t.j.p.i.JtaPlatformInitiator - HHH000489: No JTA platform available (set 'hibernate.transaction.jta.platform' to enable JTA platform integration)
Hibernate: 
    create table comments (
        id bigserial not null,
        author varchar(255),
        content varchar(255),
        dislikes integer not null,
        likes integer not null,
        publish_time timestamp(6),
        post_id bigint,
        primary key (id)
    )
Hibernate: 
    create table goods (
        good_id serial not null,
        description varchar(255),
        image bytea,
        name varchar(255),
        price integer not null,
        seller varchar(255),
        view integer not null,
        primary key (good_id)
    )
Hibernate: 
    create table goods_tags (
        goods_good_id integer not null,
        tags varchar(255)
    )
Hibernate: 
    create table gpa (
        id serial not null,
        d1s varchar(255),
        d1x varchar(255),
        d2s varchar(255),
        d2x varchar(255),
        d3s varchar(255),
        d3x varchar(255),
        d4s varchar(255),
        d4x varchar(255),
        username varchar(255),
        primary key (id)
    )
Hibernate: 
    create table history (
        id serial not null,
        data varchar(255),
        setid integer,
        username varchar(255),
        primary key (id)
    )
Hibernate: 
    create table posts (
        id bigserial not null,
        author varchar(255),
        category varchar(255),
        content varchar(255),
        publish_time timestamp(6),
        title varchar(255),
        primary key (id)
    )
Hibernate: 
    create table reservation (
        id bigserial not null,
        date varchar(255),
        first_name varchar(255),
        first_student_id varchar(255),
        location varchar(255),
        participants integer,
        room_type varchar(255),
        status VARCHAR(50) DEFAULT '未签到' not null,
        time_slot varchar(255),
        primary key (id)
    )
Hibernate: 
    create table student (
        user_id integer not null,
        answer_count integer not null,
        content varchar(50000),
        password integer not null,
        question_id integer not null,
        tags varchar(255),
        url varchar(255),
        username varchar(255),
        primary key (user_id)
    )
Hibernate: 
    create table users (
        id serial not null,
        username varchar(255),
        password varchar(255),
        primary key (id)
    )
Hibernate: 
    alter table if exists comments 
       add constraint FKh4c7lvsc298whoyd4w9ta25cr 
       foreign key (post_id) 
       references posts
Hibernate: 
    alter table if exists goods_tags 
       add constraint FKel0wkbrbkcadmhiprtjffove8 
       foreign key (goods_good_id) 
       references goods
10:00:25.209 [main] INFO  o.s.o.j.LocalContainerEntityManagerFactoryBean - Initialized JPA EntityManagerFactory for persistence unit 'default'
10:00:25.394 [main] INFO  c.e.m.ReservationRepositoryTest - Started ReservationRepositoryTest in 1.25 seconds (process running for 14.943)
Hibernate: 
    insert 
    into
        reservation
        (date, first_name, first_student_id, location, participants, room_type, status, time_slot) 
    values
        (?, ?, ?, ?, ?, ?, ?, ?)
]]></system-out>
  </testcase>
  <testcase name="testSaveAndFindById" classname="com.example.mvcdemo2.ReservationRepositoryTest" time="0.007">
    <system-out><![CDATA[Hibernate: 
    insert 
    into
        reservation
        (date, first_name, first_student_id, location, participants, room_type, status, time_slot) 
    values
        (?, ?, ?, ?, ?, ?, ?, ?)
]]></system-out>
  </testcase>
</testsuite>