<?xml version="1.0" encoding="UTF-8"?>
<testsuite xmlns:xsi="http://www.w3.org/2001/XMLSchema-instance" xsi:noNamespaceSchemaLocation="https://maven.apache.org/surefire/maven-surefire-plugin/xsd/surefire-test-report-3.0.xsd" version="3.0" name="com.example.mvcdemo2.UserControllerTest" time="0.15" tests="8" errors="0" skipped="0" failures="0">
  <properties>
[...]
</properties>
  <testcase name="testFindByUsernameNotFound" classname="com.example.mvcdemo2.UserControllerTest" time="0.074">
    <system-out><![CDATA[16:07:35.948 [main] INFO  o.s.mock.web.MockServletContext - Initializing Spring TestDispatcherServlet ''
16:07:35.948 [main] INFO  o.s.t.w.s.TestDispatcherServlet - Initializing Servlet ''
16:07:35.948 [main] INFO  o.s.t.w.s.TestDispatcherServlet - Completed initialization in 0 ms
]]></system-out>
  </testcase>
  <testcase name="testGetAllUser" classname="com.example.mvcdemo2.UserControllerTest" time="0.011">
    <system-out><![CDATA[16:07:35.959 [main] INFO  o.s.mock.web.MockServletContext - Initializing Spring TestDispatcherServlet ''
16:07:35.960 [main] INFO  o.s.t.w.s.TestDispatcherServlet - Initializing Servlet ''
16:07:35.960 [main] INFO  o.s.t.w.s.TestDispatcherServlet - Completed initialization in 0 ms
]]></system-out>
  </testcase>
  <testcase name="testChangePassword" classname="com.example.mvcdemo2.UserControllerTest" time="0.012">
    <system-out><![CDATA[16:07:35.970 [main] INFO  o.s.mock.web.MockServletContext - Initializing Spring TestDispatcherServlet ''
16:07:35.970 [main] INFO  o.s.t.w.s.TestDispatcherServlet - Initializing Servlet ''
16:07:35.970 [main] INFO  o.s.t.w.s.TestDispatcherServlet - Completed initialization in 0 ms
]]></system-out>
  </testcase>
  <testcase name="testFindByUsername" classname="com.example.mvcdemo2.UserControllerTest" time="0.01">
    <system-out><![CDATA[16:07:35.983 [main] INFO  o.s.mock.web.MockServletContext - Initializing Spring TestDispatcherServlet ''
16:07:35.984 [main] INFO  o.s.t.w.s.TestDispatcherServlet - Initializing Servlet ''
16:07:35.984 [main] INFO  o.s.t.w.s.TestDispatcherServlet - Completed initialization in 0 ms
]]></system-out>
  </testcase>
  <testcase name="testChangePasswordUserNotFound" classname="com.example.mvcdemo2.UserControllerTest" time="0.01">
    <system-out><![CDATA[16:07:35.994 [main] INFO  o.s.mock.web.MockServletContext - Initializing Spring TestDispatcherServlet ''
16:07:35.994 [main] INFO  o.s.t.w.s.TestDispatcherServlet - Initializing Servlet ''
16:07:35.994 [main] INFO  o.s.t.w.s.TestDispatcherServlet - Completed initialization in 0 ms
]]></system-out>
  </testcase>
  <testcase name="testCreateUser" classname="com.example.mvcdemo2.UserControllerTest" time="0.009">
    <system-out><![CDATA[16:07:36.003 [main] INFO  o.s.mock.web.MockServletContext - Initializing Spring TestDispatcherServlet ''
16:07:36.003 [main] INFO  o.s.t.w.s.TestDispatcherServlet - Initializing Servlet ''
16:07:36.003 [main] INFO  o.s.t.w.s.TestDispatcherServlet - Completed initialization in 0 ms
]]></system-out>
  </testcase>
  <testcase name="testChangePasswordIncorrectOldPassword" classname="com.example.mvcdemo2.UserControllerTest" time="0.01">
    <system-out><![CDATA[16:07:36.014 [main] INFO  o.s.mock.web.MockServletContext - Initializing Spring TestDispatcherServlet ''
16:07:36.014 [main] INFO  o.s.t.w.s.TestDispatcherServlet - Initializing Servlet ''
16:07:36.014 [main] INFO  o.s.t.w.s.TestDispatcherServlet - Completed initialization in 0 ms
]]></system-out>
  </testcase>
  <testcase name="testCreateUserExists" classname="com.example.mvcdemo2.UserControllerTest" time="0.009">
    <system-out><![CDATA[16:07:36.025 [main] INFO  o.s.mock.web.MockServletContext - Initializing Spring TestDispatcherServlet ''
16:07:36.025 [main] INFO  o.s.t.w.s.TestDispatcherServlet - Initializing Servlet ''
16:07:36.025 [main] INFO  o.s.t.w.s.TestDispatcherServlet - Completed initialization in 0 ms
]]></system-out>
  </testcase>
</testsuite>