<?xml version="1.0" encoding="UTF-8"?>
<testsuite xmlns:xsi="http://www.w3.org/2001/XMLSchema-instance" xsi:noNamespaceSchemaLocation="https://maven.apache.org/surefire/maven-surefire-plugin/xsd/surefire-test-report-3.0.xsd" version="3.0" name="com.example.mvcdemo2.Mvcdemo2ApplicationTests" time="5.399" tests="1" errors="0" skipped="0" failures="0">
  <properties>
[...]
</properties>
  <testcase name="contextLoads" classname="com.example.mvcdemo2.Mvcdemo2ApplicationTests" time="0.401">
    <system-out><![CDATA[22:51:43.889 [main] INFO  o.s.t.c.s.AnnotationConfigContextLoaderUtils - Could not detect default configuration classes for test class [com.example.mvcdemo2.Mvcdemo2ApplicationTests]: Mvcdemo2ApplicationTests does not declare any static, non-private, non-final, nested classes annotated with @Configuration.
22:51:43.984 [main] INFO  o.s.b.t.c.SpringBootTestContextBootstrapper - Found @SpringBootConfiguration com.example.mvcdemo2.Mvcdemo2Application for test class com.example.mvcdemo2.Mvcdemo2ApplicationTests

  .   ____          _            __ _ _
 /\\ / ___'_ __ _ _(_)_ __  __ _ \ \ \ \
( ( )\___ | '_ | '_| | '_ \/ _` | \ \ \ \
 \\/  ___)| |_)| | | | | || (_| |  ) ) ) )
  '  |____| .__|_| |_|_| |_\__, | / / / /
 =========|_|==============|___/=/_/_/_/
 :: Spring Boot ::                (v3.2.0)

22:51:44.296 [main] INFO  c.e.m.Mvcdemo2ApplicationTests - Starting Mvcdemo2ApplicationTests using Java 17.0.9 with PID 12444 (started by creegon in C:\Users\creegon\Desktop\软件工程\SEproject)
22:51:44.296 [main] INFO  c.e.m.Mvcdemo2ApplicationTests - No active profile set, falling back to 1 default profile: "default"
22:51:44.901 [main] INFO  o.s.d.r.c.RepositoryConfigurationDelegate - Bootstrapping Spring Data JPA repositories in DEFAULT mode.
22:51:44.979 [main] INFO  o.s.d.r.c.RepositoryConfigurationDelegate - Finished Spring Data repository scanning in 64 ms. Found 5 JPA repository interfaces.
22:51:45.396 [main] INFO  o.h.jpa.internal.util.LogHelper - HHH000204: Processing PersistenceUnitInfo [name: default]
22:51:45.461 [main] INFO  org.hibernate.Version - HHH000412: Hibernate ORM core version 6.3.1.Final
22:51:45.494 [main] INFO  o.h.c.i.RegionFactoryInitiator - HHH000026: Second-level cache disabled
22:51:45.779 [main] INFO  o.s.o.j.p.SpringPersistenceUnitInfo - No LoadTimeWeaver setup: ignoring JPA class transformer
22:51:45.814 [main] INFO  com.zaxxer.hikari.HikariDataSource - HikariPool-1 - Starting...
22:51:45.997 [main] INFO  com.zaxxer.hikari.pool.HikariPool - HikariPool-1 - Added connection org.postgresql.jdbc.PgConnection@41e8d917
22:51:45.999 [main] INFO  com.zaxxer.hikari.HikariDataSource - HikariPool-1 - Start completed.
22:51:46.039 [main] WARN  org.hibernate.orm.deprecation - HHH90000025: PostgreSQLDialect does not need to be specified explicitly using 'hibernate.dialect' (remove the property setting and it will be selected by default)
22:51:46.933 [main] INFO  o.h.e.t.j.p.i.JtaPlatformInitiator - HHH000489: No JTA platform available (set 'hibernate.transaction.jta.platform' to enable JTA platform integration)
22:51:47.003 [main] INFO  o.s.o.j.LocalContainerEntityManagerFactoryBean - Initialized JPA EntityManagerFactory for persistence unit 'default'
22:51:47.306 [main] INFO  o.s.d.j.r.query.QueryEnhancerFactory - Hibernate is in classpath; If applicable, HQL parser will be used.
22:51:48.130 [main] WARN  o.s.b.a.o.j.JpaBaseConfiguration$JpaWebConfiguration - spring.jpa.open-in-view is enabled by default. Therefore, database queries may be performed during view rendering. Explicitly configure spring.jpa.open-in-view to disable this warning
22:51:48.160 [main] INFO  o.s.b.a.w.s.WelcomePageHandlerMapping - Adding welcome page template: index
22:51:48.626 [main] INFO  c.e.m.Mvcdemo2ApplicationTests - Started Mvcdemo2ApplicationTests in 4.507 seconds (process running for 5.4)
]]></system-out>
  </testcase>
</testsuite>